[0mGET /api/products/type/lens/price/low [36m304 [0m2.752 ms - -[0m
[0mGET /api/products/type/all/price/all [36m304 [0m11.201 ms - -[0m
[0mGET /api/products/type/all/price/all [32m200 [0m10.276 ms - 6032[0m
[0mGET /api/products/type/lights/price/all [32m200 [0m1.919 ms - 982[0m
[0mGET /api/products/type/lights/price/low [36m304 [0m1.010 ms - -[0m
[0mGET /api/products/type/lights/price/high [32m200 [0m0.857 ms - 2[0m
[0mGET /api/products/type/all/price/high [36m304 [0m0.913 ms - -[0m
[0mGET /api/products/type/all/price/low [36m304 [0m1.108 ms - -[0m
[0mGET /api/products/type/all/price/medium [36m304 [0m1.311 ms - -[0m
[0mGET /api/products/type/all/price/low [36m304 [0m0.934 ms - -[0m
[0mGET /api/products/type/all/price/medium [36m304 [0m0.951 ms - -[0m
[0mGET /api/products/type/all/price/high [36m304 [0m3.070 ms - -[0m
[0mGET /api/products/type/cameras/price/high [36m304 [0m1.340 ms - -[0m
[0mGET /api/products/type/all/price/high [36m304 [0m0.845 ms - -[0m
[0mGET /api/products/type/lens/price/high [36m304 [0m0.831 ms - -[0m
[0mGET /api/products/type/lens/price/medium [36m304 [0m0.783 ms - -[0m
[0mGET /api/products/type/all/price/all [36m304 [0m1.607 ms - -[0m
[0mGET /api/products/type/all/price/all [36m304 [0m1.477 ms - -[0m
[0mGET /api/products/type/all/price/high [36m304 [0m0.874 ms - -[0m
[0mGET /api/products/type/all/price/low [36m304 [0m1.020 ms - -[0m
[0mGET /api/products/type/all/price/medium [36m304 [0m0.943 ms - -[0m
[0mGET /api/products/type/all/price/all [36m304 [0m1.022 ms - -[0m
[0mGET /api/products/type/all/price/all [36m304 [0m1.113 ms - -[0m
[0mGET /api/products/type/cameras/price/all [36m304 [0m0.822 ms - -[0m
[0mGET /api/products/type/all/price/all [36m304 [0m1.506 ms - -[0m
[0mGET /api/products/type/lens/price/all [36m304 [0m0.898 ms - -[0m
[0mGET /api/products/type/lens/price/low [36m304 [0m0.864 ms - -[0m
[0mGET /api/products/type/all/price/all [36m304 [0m1.870 ms - -[0m
[0mGET /api/products/type/all/price/all [36m304 [0m3.844 ms - -[0m
[0mGET /api/products/type/all/price/all [36m304 [0m2.557 ms - -[0m
[0mGET /api/products/type/all/price/all [36m304 [0m5.640 ms - -[0m
[0mGET /api/products/type/tripods/price/all [36m304 [0m1.743 ms - -[0m
[0mGET /api/products/type/all/price/all [36m304 [0m1.454 ms - -[0m
[0mGET /api/products/type/all/price/all [36m304 [0m1.093 ms - -[0m
[0mGET /api/products/type/all/price/all [36m304 [0m1.108 ms - -[0m
[0mGET /api/products/type/lens/price/all [36m304 [0m0.880 ms - -[0m
[0mGET /api/products/type/all/price/all [36m304 [0m1.371 ms - -[0m
[0mGET /api/products/type/all/price/all [36m304 [0m1.058 ms - -[0m
[0mGET /api/products/type/all/price/all [36m304 [0m1.016 ms - -[0m
[0mGET /api/products/type/all/price/all [36m304 [0m2.432 ms - -[0m
[0mGET /api/products/type/all/price/all [36m304 [0m2.049 ms - -[0m
[0mGET /api/products/type/all/price/all [36m304 [0m1.166 ms - -[0m
[0mGET /api/products/type/all/price/all [36m304 [0m1.116 ms - -[0m
[0mGET /api/products/type/all/price/all [36m304 [0m1.481 ms - -[0m
[0mGET /api/products/type/all/price/all [36m304 [0m6.070 ms - -[0m
[0mGET /api/products/type/all/price/all [36m304 [0m1.746 ms - -[0m
[0mGET /api/products/type/all/price/all [36m304 [0m1.423 ms - -[0m
[0mGET /api/products/type/all/price/all [36m304 [0m1.548 ms - -[0m
[0mGET /api/products/type/all/price/all [36m304 [0m1.040 ms - -[0m
[0mGET /api/products/type/all/price/all [36m304 [0m1.194 ms - -[0m
[0mGET /api/products/type/all/price/all [36m304 [0m1.839 ms - -[0m
[0mGET /api/products/type/all/price/all [36m304 [0m0.980 ms - -[0m
[0mGET /ListProducts.jsx [33m404 [0m2.447 ms - 260[0m
[0mGET /Products/index.jsx [33m404 [0m0.389 ms - 260[0m
[0mGET /App.js [33m404 [0m0.231 ms - 260[0m
[0mGET /src/index.js [33m404 [0m0.266 ms - 260[0m
[0mGET /api/products/type/all/price/all [36m304 [0m1.059 ms - -[0m
[0mGET /api/products [32m200 [0m3.271 ms - 6032[0m
[0mGET /api/products [32m200 [0m1.054 ms - 6032[0m
[0mGET /api/contacts [32m200 [0m0.904 ms - 1699[0m
[0mGET /api/products/type/all/price/all [36m304 [0m5.252 ms - -[0m
[0mGET /api/products/type/all/price/all [36m304 [0m2.312 ms - -[0m
[0mGET /api/products/type/all/price/all [36m304 [0m1.385 ms - -[0m
[0mGET /api/products/type/all/price/all [36m304 [0m1.596 ms - -[0m
[0mGET /api/products/type/all/price/all [36m304 [0m1.007 ms - -[0m
[0mGET /api/products/type/all/price/all [36m304 [0m1.308 ms - -[0m
[0mGET /api/products/type/all/price/all [36m304 [0m1.427 ms - -[0m
[0mGET /api/products/type/all/price/all [36m304 [0m0.976 ms - -[0m
[0mGET /api/products/type/all/price/all [36m304 [0m1.425 ms - -[0m
[0mGET /api/products/type/all/price/all [36m304 [0m1.208 ms - -[0m
[0mGET /api/products/type/all/price/all [36m304 [0m2.490 ms - -[0m
[0mGET /api/products/type/all/price/all [36m304 [0m1.275 ms - -[0m
[0mGET /api/products/type/all/price/all [36m304 [0m1.210 ms - -[0m
[0mGET /api/products/type/all/price/all [36m304 [0m1.255 ms - -[0m
[0mGET /api/products/type/all/price/all [36m304 [0m1.163 ms - -[0m
[0mGET /api/products/type/all/price/all [36m304 [0m1.081 ms - -[0m
[0mGET /api/products/type/all/price/all [36m304 [0m1.226 ms - -[0m
[0mGET /api/products/type/all/price/all [36m304 [0m1.408 ms - -[0m
[0mGET /api/products/type/all/price/all [36m304 [0m1.168 ms - -[0m
[0mGET /api/products/type/all/price/all [36m304 [0m2.367 ms - -[0m
[0mGET /api/products/type/all/price/all [36m304 [0m1.489 ms - -[0m
[0mGET /api/products/type/all/price/all [36m304 [0m1.244 ms - -[0m
[0mGET /api/products/type/all/price/all [36m304 [0m1.395 ms - -[0m
[0mGET /api/products/type/all/price/all [36m304 [0m1.619 ms - -[0m
[0mGET /api/products/type/all/price/all [36m304 [0m1.163 ms - -[0m
[0mGET /api/products/type/all/price/all [36m304 [0m1.083 ms - -[0m
[0mGET /api/products/type/all/price/all [36m304 [0m1.163 ms - -[0m
[0mGET /api/products/type/all/price/all [36m304 [0m1.386 ms - -[0m
[0mGET /api/products/type/all/price/all [36m304 [0m1.328 ms - -[0m
[0mGET /api/products/type/all/price/all [36m304 [0m1.139 ms - -[0m
[0mGET /api/products/type/all/price/all [36m304 [0m1.042 ms - -[0m
[0mGET /api/products/type/all/price/all [36m304 [0m1.159 ms - -[0m
[0mGET /api/products/type/all/price/all [36m304 [0m1.113 ms - -[0m
